Using pre-set license
Built from '2022.3/china_unity/release' branch; Version is '2022.3.34f1c1 (1e17368ca73f) revision 1972022'; Using compiler version '192829333'; Build Type 'Release'
OS: 'Windows 11  (10.0.22631) 64bit CoreCountrySpecific' Language: 'zh' Physical Memory: 15608 MB
BatchMode: 1, IsHumanControllingUs: 0, StartBugReporterOnCrash: 0, Is64bit: 1, IsPro: 1

COMMAND LINE ARGUMENTS:
C:\Program Files\Unity\Hub\Editor\2022.3.34f1c1\Editor\Unity.exe
-adb2
-batchMode
-noUpm
-name
AssetImportWorker0
-projectPath
F:/CMAA5031Spring-Individual-Assignment/Guarding the Vault
-logFile
Logs/AssetImportWorker0.log
-srvPort
62971
Successfully changed project path to: F:/CMAA5031Spring-Individual-Assignment/Guarding the Vault
F:/CMAA5031Spring-Individual-Assignment/Guarding the Vault
[UnityMemory] Configuration Parameters - Can be set up in boot.config
    "memorysetup-bucket-allocator-granularity=16"
    "memorysetup-bucket-allocator-bucket-count=8"
    "memorysetup-bucket-allocator-block-size=33554432"
    "memorysetup-bucket-allocator-block-count=8"
    "memorysetup-main-allocator-block-size=16777216"
    "memorysetup-thread-allocator-block-size=16777216"
    "memorysetup-gfx-main-allocator-block-size=16777216"
    "memorysetup-gfx-thread-allocator-block-size=16777216"
    "memorysetup-cache-allocator-block-size=4194304"
    "memorysetup-typetree-allocator-block-size=2097152"
    "memorysetup-profiler-bucket-allocator-granularity=16"
    "memorysetup-profiler-bucket-allocator-bucket-count=8"
    "memorysetup-profiler-bucket-allocator-block-size=33554432"
    "memorysetup-profiler-bucket-allocator-block-count=8"
    "memorysetup-profiler-allocator-block-size=16777216"
    "memorysetup-profiler-editor-allocator-block-size=1048576"
    "memorysetup-temp-allocator-size-main=16777216"
    "memorysetup-job-temp-allocator-block-size=2097152"
    "memorysetup-job-temp-allocator-block-size-background=1048576"
    "memorysetup-job-temp-allocator-reduction-small-platforms=262144"
    "memorysetup-allocator-temp-initial-block-size-main=262144"
    "memorysetup-allocator-temp-initial-block-size-worker=262144"
    "memorysetup-temp-allocator-size-background-worker=32768"
    "memorysetup-temp-allocator-size-job-worker=262144"
    "memorysetup-temp-allocator-size-preload-manager=33554432"
    "memorysetup-temp-allocator-size-nav-mesh-worker=65536"
    "memorysetup-temp-allocator-size-audio-worker=65536"
    "memorysetup-temp-allocator-size-cloud-worker=32768"
    "memorysetup-temp-allocator-size-gi-baking-worker=262144"
    "memorysetup-temp-allocator-size-gfx=262144"
Player connection [9036] Host "[IP] 10.4.155.231 [Port] 0 [Flags] 2 [Guid] 1882266217 [EditorId] 1882266217 [Version] 1048832 [Id] WindowsEditor(7,zw) [Debug] 1 [PackageName] WindowsEditor [ProjectName] Editor" joined multi-casting on [225.0.0.222:54997]...

Player connection [9036] Host "[IP] 10.4.155.231 [Port] 0 [Flags] 2 [Guid] 1882266217 [EditorId] 1882266217 [Version] 1048832 [Id] WindowsEditor(7,zw) [Debug] 1 [PackageName] WindowsEditor [ProjectName] Editor" joined alternative multi-casting on [225.0.0.222:34997]...

[PhysX] Initialized MultithreadedTaskDispatcher with 16 workers.
Refreshing native plugins compatible for Editor in 14.95 ms, found 3 plugins.
Preloading 0 native plugins for Editor in 0.00 ms.
Initialize engine version: 2022.3.34f1c1 (1e17368ca73f)
[Subsystems] Discovering subsystems at path C:/Program Files/Unity/Hub/Editor/2022.3.34f1c1/Editor/Data/Resources/UnitySubsystems
[Subsystems] Discovering subsystems at path F:/CMAA5031Spring-Individual-Assignment/Guarding the Vault/Assets
GfxDevice: creating device client; threaded=0; jobified=0
Direct3D:
    Version:  Direct3D 11.0 [level 11.1]
    Renderer: NVIDIA GeForce RTX 3060 Laptop GPU (ID=0x2520)
    Vendor:   NVIDIA
    VRAM:     5996 MB
    Driver:   32.0.15.6607
Initialize mono
Mono path[0] = 'C:/Program Files/Unity/Hub/Editor/2022.3.34f1c1/Editor/Data/Managed'
Mono path[1] = 'C:/Program Files/Unity/Hub/Editor/2022.3.34f1c1/Editor/Data/MonoBleedingEdge/lib/mono/unityjit-win32'
Mono config path = 'C:/Program Files/Unity/Hub/Editor/2022.3.34f1c1/Editor/Data/MonoBleedingEdge/etc'
Using monoOptions --debugger-agent=transport=dt_socket,embedding=1,server=y,suspend=n,address=127.0.0.1:56904
Begin MonoManager ReloadAssembly
Registering precompiled unity dll's ...
Register platform support module: C:/Program Files/Unity/Hub/Editor/2022.3.34f1c1/Editor/Data/PlaybackEngines/AndroidPlayer/UnityEditor.Android.Extensions.dll
Register platform support module: C:/Program Files/Unity/Hub/Editor/2022.3.34f1c1/Editor/Data/PlaybackEngines/WindowsStandaloneSupport/UnityEditor.WindowsStandalone.Extensions.dll
Registered in 0.015411 seconds.
- Loaded All Assemblies, in  0.436 seconds
Native extension for WindowsStandalone target not found
Native extension for Android target not found
Android Extension - Scanning For ADB Devices 323 ms
Mono: successfully reloaded assembly
- Finished resetting the current domain, in  0.659 seconds
Domain Reload Profiling: 1088ms
	BeginReloadAssembly (139ms)
		ExecutionOrderSort (0ms)
		DisableScriptedObjects (0ms)
		BackupInstance (0ms)
		ReleaseScriptingObjects (0ms)
		CreateAndSetChildDomain (1ms)
	RebuildCommonClasses (36ms)
	RebuildNativeTypeToScriptingClass (9ms)
	initialDomainReloadingComplete (91ms)
	LoadAllAssembliesAndSetupDomain (153ms)
		LoadAssemblies (133ms)
		RebuildTransferFunctionScriptingTraits (0ms)
		AnalyzeDomain (148ms)
			TypeCache.Refresh (147ms)
				TypeCache.ScanAssembly (132ms)
			ScanForSourceGeneratedMonoScriptInfo (0ms)
			ResolveRequiredComponents (0ms)
	FinalizeReload (660ms)
		ReleaseScriptCaches (0ms)
		RebuildScriptCaches (0ms)
		SetupLoadedEditorAssemblies (606ms)
			LogAssemblyErrors (0ms)
			InitializePlatformSupportModulesInManaged (431ms)
			SetLoadedEditorAssemblies (3ms)
			RefreshPlugins (0ms)
			BeforeProcessingInitializeOnLoad (2ms)
			ProcessInitializeOnLoadAttributes (123ms)
			ProcessInitializeOnLoadMethodAttributes (46ms)
			AfterProcessingInitializeOnLoad (0ms)
			EditorAssembliesLoaded (0ms)
		ExecutionOrderSort2 (0ms)
		AwakeInstancesAfterBackupRestoration (0ms)
========================================================================
Worker process is ready to serve import requests
Begin MonoManager ReloadAssembly
- Loaded All Assemblies, in  0.748 seconds
Refreshing native plugins compatible for Editor in 7.55 ms, found 3 plugins.
Native extension for WindowsStandalone target not found
Native extension for Android target not found
Mono: successfully reloaded assembly
- Finished resetting the current domain, in  0.933 seconds
Domain Reload Profiling: 1673ms
	BeginReloadAssembly (195ms)
		ExecutionOrderSort (0ms)
		DisableScriptedObjects (7ms)
		BackupInstance (0ms)
		ReleaseScriptingObjects (0ms)
		CreateAndSetChildDomain (33ms)
	RebuildCommonClasses (45ms)
	RebuildNativeTypeToScriptingClass (10ms)
	initialDomainReloadingComplete (57ms)
	LoadAllAssembliesAndSetupDomain (433ms)
		LoadAssemblies (352ms)
		RebuildTransferFunctionScriptingTraits (0ms)
		AnalyzeDomain (196ms)
			TypeCache.Refresh (176ms)
				TypeCache.ScanAssembly (156ms)
			ScanForSourceGeneratedMonoScriptInfo (15ms)
			ResolveRequiredComponents (4ms)
	FinalizeReload (934ms)
		ReleaseScriptCaches (0ms)
		RebuildScriptCaches (0ms)
		SetupLoadedEditorAssemblies (764ms)
			LogAssemblyErrors (0ms)
			InitializePlatformSupportModulesInManaged (29ms)
			SetLoadedEditorAssemblies (4ms)
			RefreshPlugins (0ms)
			BeforeProcessingInitializeOnLoad (77ms)
			ProcessInitializeOnLoadAttributes (610ms)
			ProcessInitializeOnLoadMethodAttributes (27ms)
			AfterProcessingInitializeOnLoad (17ms)
			EditorAssembliesLoaded (0ms)
		ExecutionOrderSort2 (0ms)
		AwakeInstancesAfterBackupRestoration (9ms)
Launched and connected shader compiler UnityShaderCompiler.exe after 0.06 seconds
Refreshing native plugins compatible for Editor in 7.92 ms, found 3 plugins.
Preloading 0 native plugins for Editor in 0.00 ms.
Unloading 3115 Unused Serialized files (Serialized files now loaded: 0)
Unloading 34 unused Assets / (58.1 KB). Loaded Objects now: 3579.
Memory consumption went from 125.2 MB to 125.2 MB.
Total: 5.249800 ms (FindLiveObjects: 0.410700 ms CreateObjectMapping: 0.226700 ms MarkObjects: 4.480500 ms  DeleteObjects: 0.130700 ms)

AssetImportParameters requested are different than current active one (requested -> active):
  custom:container-demuxer-ogg: 62fdf1f143b41e24485cea50d1cbac27 -> 
  custom:video-codec-MediaFoundation-h265: 746d11721c4dcdbdad8f713fa42b33f4 -> 
  custom:video-decoder-ogg-theora: a1e56fd34408186e4bbccfd4996cb3dc -> 
  custom:framework-win-MediaFoundation: 216162199b28c13a410421893ffa2e32 -> 
  custom:CustomObjectIndexerAttribute: 9a22284fe3817be447336de3de66b15e -> 
  custom:container-demuxer-webm: 4f35f7cbe854078d1ac9338744f61a02 -> 
  custom:container-muxer-webm: aa71ff27fc2769a1b78a27578f13a17b -> 
  custom:video-decoder-webm-vp8: 9c59270c3fd7afecdb556c50c9e8de78 -> 
  custom:SearchIndexIgnoredProperties: e643bd26f0fe6173181afceb89e7c659 -> 
  custom:AudioImporter_EditorPlatform: d09bf68614088b80899f8185d706f6e7 -> 
  custom:video-encoder-webm-vp8: eb34c28f22e8b96e1ab97ce403110664 -> 
  custom:audio-decoder-ogg-vorbis: bf7c407c2cedff20999df2af8eb42d56 -> 
  custom:audio-encoder-webm-vorbis: bf7c407c2cedff20999df2af8eb42d56 -> 
========================================================================
Received Import Request.
  Time since last request: 83882.578841 seconds.
  path: Assets/3DTOYS/3dmodels/toybear_Default_color.png
  artifactKey: Guid(e59ecd205a2c21842bc15e3c04b4f686) Importer(815301076,1909f56bfc062723c751e8b465ee728b)
Start importing Assets/3DTOYS/3dmodels/toybear_Default_color.png using Guid(e59ecd205a2c21842bc15e3c04b4f686) Importer(815301076,1909f56bfc062723c751e8b465ee728b) [PhysX] Initialized MultithreadedTaskDispatcher with 16 workers.
[PhysX] Initialized MultithreadedTaskDispatcher with 16 workers.
 -> (artifact id: 'a14241226da6966a89945f0f8f3fda5a') in 0.081269 seconds
Number of updated asset objects reloaded before import = 0
Number of asset objects unloaded after import = 2
========================================================================
Received Import Request.
  Time since last request: 0.000670 seconds.
  path: Assets/3DTOYS/floormat.mat
  artifactKey: Guid(e74f0dce22cad484b8684c134647c030) Importer(815301076,1909f56bfc062723c751e8b465ee728b)
Start importing Assets/3DTOYS/floormat.mat using Guid(e74f0dce22cad484b8684c134647c030) Importer(815301076,1909f56bfc062723c751e8b465ee728b) [PhysX] Initialized MultithreadedTaskDispatcher with 16 workers.
[PhysX] Initialized MultithreadedTaskDispatcher with 16 workers.
 -> (artifact id: 'b9481424e041e8f5393066a184beb30d') in 0.072154 seconds
Number of updated asset objects reloaded before import = 0
Number of asset objects unloaded after import = 1
========================================================================
Received Import Request.
  Time since last request: 0.000036 seconds.
  path: Assets/3DTOYS/3dmodels/toypig_Default_color.png
  artifactKey: Guid(be526f2329e80494daf699f10a7fa121) Importer(815301076,1909f56bfc062723c751e8b465ee728b)
Start importing Assets/3DTOYS/3dmodels/toypig_Default_color.png using Guid(be526f2329e80494daf699f10a7fa121) Importer(815301076,1909f56bfc062723c751e8b465ee728b) [PhysX] Initialized MultithreadedTaskDispatcher with 16 workers.
[PhysX] Initialized MultithreadedTaskDispatcher with 16 workers.
 -> (artifact id: 'de955c6265fff9ef45c60326c019be19') in 0.028187 seconds
Number of updated asset objects reloaded before import = 0
Number of asset objects unloaded after import = 2
========================================================================
Received Import Request.
  Time since last request: 0.000027 seconds.
  path: Assets/3DTOYS/3dmodels/toymonkey_Default_color.png
  artifactKey: Guid(208890bc510825d438e43242e698cee3) Importer(815301076,1909f56bfc062723c751e8b465ee728b)
Start importing Assets/3DTOYS/3dmodels/toymonkey_Default_color.png using Guid(208890bc510825d438e43242e698cee3) Importer(815301076,1909f56bfc062723c751e8b465ee728b) [PhysX] Initialized MultithreadedTaskDispatcher with 16 workers.
[PhysX] Initialized MultithreadedTaskDispatcher with 16 workers.
 -> (artifact id: '51bd0ff6dabc433223bb8f4a557d4e24') in 0.025041 seconds
Number of updated asset objects reloaded before import = 0
Number of asset objects unloaded after import = 2
========================================================================
Received Import Request.
  Time since last request: 0.000023 seconds.
  path: Assets/3DTOYS
  artifactKey: Guid(3db03ee0f1690914288cdff4d63db720) Importer(815301076,1909f56bfc062723c751e8b465ee728b)
Start importing Assets/3DTOYS using Guid(3db03ee0f1690914288cdff4d63db720) Importer(815301076,1909f56bfc062723c751e8b465ee728b) [PhysX] Initialized MultithreadedTaskDispatcher with 16 workers.
 -> (artifact id: 'e3554db4a14d2a5429f19abd144eb97e') in 0.000684 seconds
Number of updated asset objects reloaded before import = 0
Number of asset objects unloaded after import = 0
========================================================================
Received Import Request.
  Time since last request: 0.000020 seconds.
  path: Assets/3DTOYS/3dmodels
  artifactKey: Guid(4b82fa6070bb9fe45916cea57582db88) Importer(815301076,1909f56bfc062723c751e8b465ee728b)
Start importing Assets/3DTOYS/3dmodels using Guid(4b82fa6070bb9fe45916cea57582db88) Importer(815301076,1909f56bfc062723c751e8b465ee728b) [PhysX] Initialized MultithreadedTaskDispatcher with 16 workers.
 -> (artifact id: '5eb116916afbf994e417adc9758b94c2') in 0.000489 seconds
Number of updated asset objects reloaded before import = 0
Number of asset objects unloaded after import = 0
========================================================================
Received Import Request.
  Time since last request: 0.000020 seconds.
  path: Assets/3DTOYS/3dmodels/M_sheep.mat
  artifactKey: Guid(12b798bd40a4ab9418ddb6a1a33b4fa1) Importer(815301076,1909f56bfc062723c751e8b465ee728b)
Start importing Assets/3DTOYS/3dmodels/M_sheep.mat using Guid(12b798bd40a4ab9418ddb6a1a33b4fa1) Importer(815301076,1909f56bfc062723c751e8b465ee728b) [PhysX] Initialized MultithreadedTaskDispatcher with 16 workers.
[PhysX] Initialized MultithreadedTaskDispatcher with 16 workers.
 -> (artifact id: 'ec18aec07fa752d1014c51f7dcbc0e7e') in 0.214805 seconds
Number of updated asset objects reloaded before import = 0
Number of asset objects unloaded after import = 3
========================================================================
Received Import Request.
  Time since last request: 0.000035 seconds.
  path: Assets/3DTOYS/3dmodels/toypenguin_Default_color.png
  artifactKey: Guid(1907513a39d3f9b4aa7491ed34213782) Importer(815301076,1909f56bfc062723c751e8b465ee728b)
Start importing Assets/3DTOYS/3dmodels/toypenguin_Default_color.png using Guid(1907513a39d3f9b4aa7491ed34213782) Importer(815301076,1909f56bfc062723c751e8b465ee728b) [PhysX] Initialized MultithreadedTaskDispatcher with 16 workers.
[PhysX] Initialized MultithreadedTaskDispatcher with 16 workers.
 -> (artifact id: '412fa03f7976c209d636de5de75ef3cc') in 0.026462 seconds
Number of updated asset objects reloaded before import = 0
Number of asset objects unloaded after import = 2
========================================================================
Received Import Request.
  Time since last request: 0.000033 seconds.
  path: Assets/3DTOYS/3dmodels/toyrabbit_Default_color.png
  artifactKey: Guid(250868e13533e9340bfe8c38092825d2) Importer(815301076,1909f56bfc062723c751e8b465ee728b)
Start importing Assets/3DTOYS/3dmodels/toyrabbit_Default_color.png using Guid(250868e13533e9340bfe8c38092825d2) Importer(815301076,1909f56bfc062723c751e8b465ee728b) [PhysX] Initialized MultithreadedTaskDispatcher with 16 workers.
[PhysX] Initialized MultithreadedTaskDispatcher with 16 workers.
 -> (artifact id: 'e0b27dd8ecbd7f2560bb02f8988e7d86') in 0.027170 seconds
Number of updated asset objects reloaded before import = 0
Number of asset objects unloaded after import = 2
========================================================================
Received Import Request.
  Time since last request: 0.000023 seconds.
  path: Assets/3DTOYS/3dmodels/M_rabbit.mat
  artifactKey: Guid(44c9d6ce33915414ab023dbda2897359) Importer(815301076,1909f56bfc062723c751e8b465ee728b)
Start importing Assets/3DTOYS/3dmodels/M_rabbit.mat using Guid(44c9d6ce33915414ab023dbda2897359) Importer(815301076,1909f56bfc062723c751e8b465ee728b) [PhysX] Initialized MultithreadedTaskDispatcher with 16 workers.
[PhysX] Initialized MultithreadedTaskDispatcher with 16 workers.
 -> (artifact id: 'd93d5af29b8111deb09eee8061e4cd2e') in 0.030962 seconds
Number of updated asset objects reloaded before import = 0
Number of asset objects unloaded after import = 3
========================================================================
Received Import Request.
  Time since last request: 0.000030 seconds.
  path: Assets/3DTOYS/3dmodels/M_monkey.mat
  artifactKey: Guid(5b809c90501a74a468a795707b2fd138) Importer(815301076,1909f56bfc062723c751e8b465ee728b)
Start importing Assets/3DTOYS/3dmodels/M_monkey.mat using Guid(5b809c90501a74a468a795707b2fd138) Importer(815301076,1909f56bfc062723c751e8b465ee728b) [PhysX] Initialized MultithreadedTaskDispatcher with 16 workers.
[PhysX] Initialized MultithreadedTaskDispatcher with 16 workers.
 -> (artifact id: 'e303e86f716ad1a2972231a1e1a8d6ce') in 0.030008 seconds
Number of updated asset objects reloaded before import = 0
Number of asset objects unloaded after import = 3
========================================================================
Received Import Request.
  Time since last request: 0.000024 seconds.
  path: Assets/3DTOYS/3dmodels/toypig_Default_nmap.png
  artifactKey: Guid(2808551021e7c8647b2007e53904e990) Importer(815301076,1909f56bfc062723c751e8b465ee728b)
Start importing Assets/3DTOYS/3dmodels/toypig_Default_nmap.png using Guid(2808551021e7c8647b2007e53904e990) Importer(815301076,1909f56bfc062723c751e8b465ee728b) [PhysX] Initialized MultithreadedTaskDispatcher with 16 workers.
[PhysX] Initialized MultithreadedTaskDispatcher with 16 workers.
 -> (artifact id: '123bda1fab36bb0f16f11a0116c189be') in 0.036052 seconds
Number of updated asset objects reloaded before import = 0
Number of asset objects unloaded after import = 2
========================================================================
Received Import Request.
  Time since last request: 0.000036 seconds.
  path: Assets/3DTOYS/3dmodels/toypig.fbx
  artifactKey: Guid(278210d3246b9ce4bb1eabb1072ef246) Importer(815301076,1909f56bfc062723c751e8b465ee728b)
Start importing Assets/3DTOYS/3dmodels/toypig.fbx using Guid(278210d3246b9ce4bb1eabb1072ef246) Importer(815301076,1909f56bfc062723c751e8b465ee728b) [PhysX] Initialized MultithreadedTaskDispatcher with 16 workers.
[PhysX] Initialized MultithreadedTaskDispatcher with 16 workers.
[PhysX] Initialized MultithreadedTaskDispatcher with 16 workers.
[PhysX] Initialized MultithreadedTaskDispatcher with 16 workers.
 -> (artifact id: '3227771d28415a5de13a6d7e91d2e3d4') in 0.078391 seconds
Number of updated asset objects reloaded before import = 0
Number of asset objects unloaded after import = 8
========================================================================
Received Import Request.
  Time since last request: 0.000036 seconds.
  path: Assets/3DTOYS/3dmodels/M_pig.mat
  artifactKey: Guid(5ec186dd7571f6249946c598c5f10a03) Importer(815301076,1909f56bfc062723c751e8b465ee728b)
Start importing Assets/3DTOYS/3dmodels/M_pig.mat using Guid(5ec186dd7571f6249946c598c5f10a03) Importer(815301076,1909f56bfc062723c751e8b465ee728b) [PhysX] Initialized MultithreadedTaskDispatcher with 16 workers.
[PhysX] Initialized MultithreadedTaskDispatcher with 16 workers.
 -> (artifact id: 'd1e318787821e3412a9678119882a1bc') in 0.030725 seconds
Number of updated asset objects reloaded before import = 0
Number of asset objects unloaded after import = 3
========================================================================
Received Import Request.
  Time since last request: 0.000040 seconds.
  path: Assets/3DTOYS/3dmodels/toypenguin_Default_nmap.png
  artifactKey: Guid(39e6e91871e02c346beb97e84b9a24f0) Importer(815301076,1909f56bfc062723c751e8b465ee728b)
Start importing Assets/3DTOYS/3dmodels/toypenguin_Default_nmap.png using Guid(39e6e91871e02c346beb97e84b9a24f0) Importer(815301076,1909f56bfc062723c751e8b465ee728b) [PhysX] Initialized MultithreadedTaskDispatcher with 16 workers.
[PhysX] Initialized MultithreadedTaskDispatcher with 16 workers.
 -> (artifact id: 'ab5737e68c25a7cbf078809dce72ffbd') in 0.028970 seconds
Number of updated asset objects reloaded before import = 0
Number of asset objects unloaded after import = 2
========================================================================
Received Import Request.
  Time since last request: 0.000024 seconds.
  path: Assets/3DTOYS/3dmodels/toybear.fbx
  artifactKey: Guid(7b41ce0cf4881e942b22b126c24cac74) Importer(815301076,1909f56bfc062723c751e8b465ee728b)
Start importing Assets/3DTOYS/3dmodels/toybear.fbx using Guid(7b41ce0cf4881e942b22b126c24cac74) Importer(815301076,1909f56bfc062723c751e8b465ee728b) [PhysX] Initialized MultithreadedTaskDispatcher with 16 workers.
[PhysX] Initialized MultithreadedTaskDispatcher with 16 workers.
[PhysX] Initialized MultithreadedTaskDispatcher with 16 workers.
[PhysX] Initialized MultithreadedTaskDispatcher with 16 workers.
 -> (artifact id: '75cedd5ba357eb73b635e5274848afbd') in 0.053620 seconds
Number of updated asset objects reloaded before import = 0
Number of asset objects unloaded after import = 8
========================================================================
Received Import Request.
  Time since last request: 0.000022 seconds.
  path: Assets/3DTOYS/3dmodels/toysheep_Default_color.png
  artifactKey: Guid(f235b8811dfa1824a9987f4d2ab0e411) Importer(815301076,1909f56bfc062723c751e8b465ee728b)
Start importing Assets/3DTOYS/3dmodels/toysheep_Default_color.png using Guid(f235b8811dfa1824a9987f4d2ab0e411) Importer(815301076,1909f56bfc062723c751e8b465ee728b) [PhysX] Initialized MultithreadedTaskDispatcher with 16 workers.
[PhysX] Initialized MultithreadedTaskDispatcher with 16 workers.
 -> (artifact id: '14ab8f06e57987024de5a741ed47aee6') in 0.028472 seconds
Number of updated asset objects reloaded before import = 0
Number of asset objects unloaded after import = 2
========================================================================
Received Import Request.
  Time since last request: 0.000025 seconds.
  path: Assets/3DTOYS/3dmodels/toybear_Default_nmap.png
  artifactKey: Guid(093df407683f5c24f9f262305bfa15a7) Importer(815301076,1909f56bfc062723c751e8b465ee728b)
Start importing Assets/3DTOYS/3dmodels/toybear_Default_nmap.png using Guid(093df407683f5c24f9f262305bfa15a7) Importer(815301076,1909f56bfc062723c751e8b465ee728b) [PhysX] Initialized MultithreadedTaskDispatcher with 16 workers.
[PhysX] Initialized MultithreadedTaskDispatcher with 16 workers.
 -> (artifact id: '5ad54d13d975d90c17a7c4174a585f04') in 0.027580 seconds
Number of updated asset objects reloaded before import = 0
Number of asset objects unloaded after import = 2
========================================================================
Received Import Request.
  Time since last request: 0.000025 seconds.
  path: Assets/3DTOYS/3dmodels/toybunny.fbx
  artifactKey: Guid(7a7eaef2c03fe2a4497f4122ae85ee43) Importer(815301076,1909f56bfc062723c751e8b465ee728b)
Start importing Assets/3DTOYS/3dmodels/toybunny.fbx using Guid(7a7eaef2c03fe2a4497f4122ae85ee43) Importer(815301076,1909f56bfc062723c751e8b465ee728b) [PhysX] Initialized MultithreadedTaskDispatcher with 16 workers.
[PhysX] Initialized MultithreadedTaskDispatcher with 16 workers.
[PhysX] Initialized MultithreadedTaskDispatcher with 16 workers.
[PhysX] Initialized MultithreadedTaskDispatcher with 16 workers.
 -> (artifact id: '7727d3be3767aca2c18f82b35713988a') in 0.043718 seconds
Number of updated asset objects reloaded before import = 0
Number of asset objects unloaded after import = 8
========================================================================
Received Import Request.
  Time since last request: 0.000026 seconds.
  path: Assets/3DTOYS/3dmodels/M_bear.mat
  artifactKey: Guid(f2b33c356d09d0e47b2432b94e9f4e5d) Importer(815301076,1909f56bfc062723c751e8b465ee728b)
Start importing Assets/3DTOYS/3dmodels/M_bear.mat using Guid(f2b33c356d09d0e47b2432b94e9f4e5d) Importer(815301076,1909f56bfc062723c751e8b465ee728b) [PhysX] Initialized MultithreadedTaskDispatcher with 16 workers.
[PhysX] Initialized MultithreadedTaskDispatcher with 16 workers.
 -> (artifact id: '9ba8ebf814f39c4641775b39b36898e7') in 0.030674 seconds
Number of updated asset objects reloaded before import = 0
Number of asset objects unloaded after import = 3
========================================================================
Received Import Request.
  Time since last request: 0.000034 seconds.
  path: Assets/3DTOYS/3dmodels/toypenguin.fbx
  artifactKey: Guid(0f9e8df778f2ada49984c6bf939305e8) Importer(815301076,1909f56bfc062723c751e8b465ee728b)
Start importing Assets/3DTOYS/3dmodels/toypenguin.fbx using Guid(0f9e8df778f2ada49984c6bf939305e8) Importer(815301076,1909f56bfc062723c751e8b465ee728b) [PhysX] Initialized MultithreadedTaskDispatcher with 16 workers.
[PhysX] Initialized MultithreadedTaskDispatcher with 16 workers.
[PhysX] Initialized MultithreadedTaskDispatcher with 16 workers.
[PhysX] Initialized MultithreadedTaskDispatcher with 16 workers.
 -> (artifact id: 'b8e9aa35f3ca73d77cd5cbe5d86a4a97') in 0.042467 seconds
Number of updated asset objects reloaded before import = 0
Number of asset objects unloaded after import = 8
========================================================================
Received Import Request.
  Time since last request: 0.000041 seconds.
  path: Assets/3DTOYS/3dmodels/toysheep.fbx
  artifactKey: Guid(43c459dde653d714e83a12acc004589e) Importer(815301076,1909f56bfc062723c751e8b465ee728b)
Start importing Assets/3DTOYS/3dmodels/toysheep.fbx using Guid(43c459dde653d714e83a12acc004589e) Importer(815301076,1909f56bfc062723c751e8b465ee728b) [PhysX] Initialized MultithreadedTaskDispatcher with 16 workers.
[PhysX] Initialized MultithreadedTaskDispatcher with 16 workers.
[PhysX] Initialized MultithreadedTaskDispatcher with 16 workers.
[PhysX] Initialized MultithreadedTaskDispatcher with 16 workers.
 -> (artifact id: 'c135c7854f169a4d7bc79006bcca23be') in 0.044790 seconds
Number of updated asset objects reloaded before import = 0
Number of asset objects unloaded after import = 8
========================================================================
Received Import Request.
  Time since last request: 0.000026 seconds.
  path: Assets/3DTOYS/3dmodels/toysheep_Default_nmap.png
  artifactKey: Guid(845cab94fb2a32446833f4387f7ea36e) Importer(815301076,1909f56bfc062723c751e8b465ee728b)
Start importing Assets/3DTOYS/3dmodels/toysheep_Default_nmap.png using Guid(845cab94fb2a32446833f4387f7ea36e) Importer(815301076,1909f56bfc062723c751e8b465ee728b) [PhysX] Initialized MultithreadedTaskDispatcher with 16 workers.
[PhysX] Initialized MultithreadedTaskDispatcher with 16 workers.
 -> (artifact id: '8adf87043f0a9bf4096336fdd9dfe434') in 0.026999 seconds
Number of updated asset objects reloaded before import = 0
Number of asset objects unloaded after import = 2
========================================================================
Received Import Request.
  Time since last request: 2.141920 seconds.
  path: Assets/3DTOYS/PREFABS/PENGUIN.prefab
  artifactKey: Guid(da4ad2310c6a3a44e8c6b74c731ffbc7) Importer(815301076,1909f56bfc062723c751e8b465ee728b)
Start importing Assets/3DTOYS/PREFABS/PENGUIN.prefab using Guid(da4ad2310c6a3a44e8c6b74c731ffbc7) Importer(815301076,1909f56bfc062723c751e8b465ee728b) [PhysX] Initialized MultithreadedTaskDispatcher with 16 workers.
[PhysX] Initialized MultithreadedTaskDispatcher with 16 workers.
 -> (artifact id: '55502effb4de75bc44414a964f2461bd') in 0.033799 seconds
Number of updated asset objects reloaded before import = 0
Number of asset objects unloaded after import = 10
Editor requested this worker to shutdown with reason: Scaling down because of idle timeout
TcpMessagingSession - receive error: operation aborted. errorcode: 995, details: 由于线程退出或应用程序请求，已中止 I/O 操作。
AssetImportWorker is now disconnected from the server
Process exiting
Exiting without the bug reporter. Application will terminate with return code 0